Name                                          Stmts   Miss Branch BrPart  Cover   Missing
-----------------------------------------------------------------------------------------
scripts/__init__.py                               0      0      0      0   100%
scripts/calculate_bounds.py                     196      1     46      1    99%   286
scripts/plot_transform.py                        43     43      0      0     0%   1-87
scripts/read_bounds.py                           70      0      0      0   100%
src/vnn/__init__.py                               0      0      0      0   100%
src/vnn/datasets/__init__.py                     88      0     14      0   100%
src/vnn/linear_programming.py                    49     14     12      1    69%   31, 70-100
src/vnn/pwl.py                                  168      0     46      0   100%
src/vnn/transforms/__init__.py                   15      0      0      0   100%
src/vnn/transforms/homogeneous.py                 5      0      0      0   100%
src/vnn/transforms/homography_pitch.py           44      0      2      0   100%
src/vnn/transforms/homography_roll.py            38      0      0      0   100%
src/vnn/transforms/homography_x.py               44      0      4      0   100%
src/vnn/transforms/homography_y.py               33      0      0      0   100%
src/vnn/transforms/homography_yaw.py             44      0      2      0   100%
src/vnn/transforms/homography_z.py               36      0      2      0   100%
src/vnn/transforms/image.py                       4      0      0      0   100%
src/vnn/transforms/interpolation.py              34      0      4      0   100%
src/vnn/transforms/rotation.py                   34      0      0      0   100%
src/vnn/transforms/scale.py                      32      0      0      0   100%
src/vnn/transforms/shear.py                      30      0      0      0   100%
src/vnn/transforms/transform.py                  91      0     12      1    99%   84->86
src/vnn/transforms/transform_type.py             15      0      0      0   100%
src/vnn/transforms/transform_with_bounds.py       9      0      0      0   100%
src/vnn/transforms/translate_x.py                26      0      0      0   100%
src/vnn/transforms/translate_y.py                26      0      0      0   100%
src/vnn/utils.py                                 71     12     14      0    84%   65-74, 77, 91-95
src/vnn/visualization.py                        196      0      8      0   100%
-----------------------------------------------------------------------------------------
TOTAL                                          1441     70    166      3    95%
